#
# A fatal error has been detected by the Java Runtime Environment:
#
#  Internal Error (os_windows_x86.cpp:114), pid=5480, tid=7420
#  Error: guarantee(result == -1,"Unexpected result from topLevelExceptionFilter")
#
# JRE version: 6.0_17-b04
# Java VM: Java HotSpot(TM) 64-Bit Server VM (14.3-b01 mixed mode windows-amd64 )
# If you would like to submit a bug report, please visit:
#   http://java.sun.com/webapps/bugreport/crash.jsp
# The crash happened outside the Java Virtual Machine in native code.
# See problematic frame for where to report the bug.
#

---------------  T H R E A D  ---------------

Current thread (0x00000000021df800):  JavaThread "main" [_thread_in_native, id=7420, stack(0x0000000000070000,0x0000000001570000)]

Stack: [0x0000000000070000,0x0000000001570000]
[error occurred during error reporting (printing stack bounds), id 0xc0000005]

Java frames: (J=compiled Java code, j=interpreted, Vv=VM code)
j  com.mathworks.jmi.NativeMatlab.ProcessPendingEvents()Z+0
j  com.mathworks.jmi.NativeMatlab.processPendingEvents()Z+8
j  com.mathworks.jmi.Matlab$ProcessPendingEvents.callBooleanMethod(Ljava/lang/Object;)Z+0
j  com.mathworks.util.FactoryUtils.processPendingEvents()Z+12
j  com.mathworks.mde.desk.MLDesktop.canClose()Z+84
j  com.mathworks.mde.desk.MLDesktop$2.call()Ljava/lang/Boolean;+4
j  com.mathworks.mde.desk.MLDesktop$2.call()Ljava/lang/Object;+1
j  com.mathworks.jmi.Matlab.isOkToExit()Z+54
v  ~StubRoutines::call_stub
j  com.mathworks.jmi.NativeMatlab.SendMatlabMessage(Ljava/lang/Object;)Ljava/lang/Object;+0
j  com.mathworks.jmi.NativeMatlab.sendMatlabMessage(Ljava/lang/Object;)Ljava/lang/Object;+22
j  com.mathworks.jmi.MatlabLooper.sendMatlabMessage(Lcom/mathworks/services/message/MWMessage;)Ljava/lang/Object;+20
j  com.mathworks.jmi.Matlab.mtFevalConsoleOutput(Ljava/lang/String;[Ljava/lang/Object;I)Ljava/lang/Object;+58
j  com.mathworks.mde.desk.MLDesktop$8.run()V+14
j  com.mathworks.jmi.NativeMatlab.dispatchMTRequests(Z)V+50
v  ~StubRoutines::call_stub

---------------  P R O C E S S  ---------------

Java Threads: ( => current thread )
  0x0000000039bf6800 JavaThread "Image Fetcher 0" daemon [_thread_blocked, id=10508, stack(0x000000000e770000,0x000000000e7f0000)]
  0x0000000039bf1800 JavaThread "Foxtrot Single Worker Thread #1" daemon [_thread_blocked, id=5544, stack(0x000000000eb60000,0x000000000ebe0000)]
  0x0000000039bf4000 JavaThread "pool-2-thread-1" [_thread_blocked, id=5096, stack(0x000000000ecf0000,0x000000000ed70000)]
  0x0000000039bf1000 JavaThread "Active Reference Queue Daemon" daemon [_thread_blocked, id=6408, stack(0x000000000de20000,0x000000000dea0000)]
  0x0000000039beb000 JavaThread "Timer-36" daemon [_thread_blocked, id=844, stack(0x000000000e630000,0x000000000e6b0000)]
  0x0000000039bf2800 JavaThread "RequestQueue for GenericFileList" [_thread_blocked, id=416, stack(0x0000000039af0000,0x0000000039b70000)]
  0x0000000039bf0000 JavaThread "Timer-7" daemon [_thread_blocked, id=6208, stack(0x0000000039a60000,0x0000000039ae0000)]
  0x0000000039bef000 JavaThread "Prefs Updater" daemon [_thread_blocked, id=5500, stack(0x0000000030800000,0x0000000030880000)]
  0x0000000039bee000 JavaThread "Timer-1" [_thread_blocked, id=6192, stack(0x00000000397a0000,0x0000000039820000)]
  0x0000000039bed800 JavaThread "FelixPackageAdmin" daemon [_thread_blocked, id=10340, stack(0x000000002f190000,0x000000002f210000)]
  0x0000000039bec800 JavaThread "FelixStartLevel" daemon [_thread_blocked, id=6872, stack(0x0000000031db0000,0x0000000031e30000)]
  0x0000000039bec000 JavaThread "FelixDispatchQueue" daemon [_thread_blocked, id=7560, stack(0x000000000fe30000,0x000000000feb0000)]
  0x0000000039be9800 JavaThread "TimerQueue" daemon [_thread_blocked, id=7020, stack(0x000000000fda0000,0x000000000fe20000)]
  0x0000000039be9000 JavaThread "AWT-EventQueue-0" [_thread_in_native, id=10444, stack(0x000000000d7e0000,0x000000000d860000)]
  0x0000000039be8800 JavaThread "AWT-Shutdown" [_thread_blocked, id=6856, stack(0x000000000fd20000,0x000000000fda0000)]
  0x0000000039540800 JavaThread "com.google.common.base.internal.Finalizer" daemon [_thread_blocked, id=9328, stack(0x000000000d730000,0x000000000d7b0000)]
  0x0000000038d07000 JavaThread "AWT-Windows" daemon [_thread_in_native, id=5776, stack(0x000000000c0f0000,0x000000000c170000)]
  0x00000000393f4800 JavaThread "Java2D Disposer" daemon [_thread_blocked, id=6504, stack(0x0000000004b40000,0x0000000004bc0000)]
  0x0000000038e39800 JavaThread "Timer-0" [_thread_blocked, id=8472, stack(0x0000000009500000,0x0000000009580000)]
  0x0000000038e03000 JavaThread "JMI Unnamed Thread" [_thread_in_native, id=7576, stack(0x0000000006420000,0x0000000007920000)]
  0x000000000fccc000 JavaThread "Low Memory Detector" daemon [_thread_blocked, id=4036, stack(0x0000000004aa0000,0x0000000004b20000)]
  0x000000000fcc7000 JavaThread "CompilerThread1" daemon [_thread_blocked, id=7400, stack(0x0000000036110000,0x0000000037610000)]
  0x000000000fcbf000 JavaThread "CompilerThread0" daemon [_thread_blocked, id=10096, stack(0x0000000034b90000,0x0000000036090000)]
  0x000000000fcbe000 JavaThread "Attach Listener" daemon [_thread_blocked, id=2548, stack(0x0000000007ce0000,0x0000000007d60000)]
  0x000000000fc5e800 JavaThread "Finalizer" daemon [_thread_blocked, id=8944, stack(0x00000000063a0000,0x0000000006420000)]
  0x000000000fc55800 JavaThread "Reference Handler" daemon [_thread_blocked, id=9056, stack(0x0000000004d10000,0x0000000004d90000)]
=>0x00000000021df800 JavaThread "main" [_thread_in_native, id=7420, stack(0x0000000000070000,0x0000000001570000)]

Other Threads:
  0x00000000022dc800 VMThread [stack: 0x00000000335f0000,0x0000000034af0000] [id=5132]
  0x000000000fce8800 WatcherThread [stack: 0x0000000037690000,0x0000000038b90000] [id=9196]

VM state:not at safepoint (normal execution)

VM Mutex/Monitor currently owned by a thread: None

Heap
 PSYoungGen      total 23552K, used 13494K [0x0000000025250000, 0x0000000026f40000, 0x0000000028350000)
  eden space 22912K, 56% used [0x0000000025250000,0x0000000025ee5b48,0x00000000268b0000)
  from space 640K, 95% used [0x0000000026ea0000,0x0000000026f38018,0x0000000026f40000)
  to   space 896K, 0% used [0x0000000026d80000,0x0000000026d80000,0x0000000026e60000)
 PSOldGen        total 71104K, used 69918K [0x000000001bf50000, 0x00000000204c0000, 0x0000000025250000)
  object space 71104K, 98% used [0x000000001bf50000,0x0000000020397aa8,0x00000000204c0000)
 PSPermGen       total 96704K, used 70484K [0x0000000013f50000, 0x0000000019dc0000, 0x000000001bf50000)
  object space 96704K, 72% used [0x0000000013f50000,0x0000000018425218,0x0000000019dc0000)

Dynamic libraries:
0x000000013fdd0000 - 0x000000013fdf9000 	C:\Program Files\MATLAB\R2011a\bin\win64\MATLAB.exe
0x0000000077a80000 - 0x0000000077c29000 	C:\Windows\SYSTEM32\ntdll.dll
0x0000000070d50000 - 0x0000000070d9a000 	C:\Program Files\AVAST Software\Avast\snxhk64.dll
0x00000000773a0000 - 0x00000000774bf000 	C:\Windows\system32\KERNEL32.dll
0x000007fefe1e0000 - 0x000007fefe24b000 	C:\Windows\system32\KERNELBASE.dll
0x0000000074460000 - 0x0000000074569000 	C:\Program Files\MATLAB\R2011a\bin\win64\libut.dll
0x00000000758a0000 - 0x0000000075920000 	C:\Program Files\MATLAB\R2011a\bin\win64\libmwi18n.dll
0x0000000180000000 - 0x000000018000b000 	C:\Program Files\MATLAB\R2011a\bin\win64\libmwresource_core.dll
0x0000000071e70000 - 0x0000000071f43000 	C:\Windows\WinSxS\amd64_microsoft.vc90.crt_1fc8b3b9a1e18e3b_9.0.30729.6161_none_08e61857a83bc251\MSVCP90.dll
0x0000000071f60000 - 0x0000000072003000 	C:\Windows\WinSxS\amd64_microsoft.vc90.crt_1fc8b3b9a1e18e3b_9.0.30729.6161_none_08e61857a83bc251\MSVCR90.dll
0x000000007a3b0000 - 0x000000007a3c0000 	C:\Program Files\MATLAB\R2011a\bin\win64\boost_date_time-vc90-mt-1_40.dll
0x000000007a170000 - 0x000000007a189000 	C:\Program Files\MATLAB\R2011a\bin\win64\boost_filesystem-vc90-mt-1_40.dll
0x000000007a560000 - 0x000000007a569000 	C:\Program Files\MATLAB\R2011a\bin\win64\boost_system-vc90-mt-1_40.dll
0x000000007a2d0000 - 0x000000007a2e2000 	C:\Program Files\MATLAB\R2011a\bin\win64\boost_thread-vc90-mt-1_40.dll
0x000000007a010000 - 0x000000007a035000 	C:\Program Files\MATLAB\R2011a\bin\win64\LIBEXPAT.dll
0x00000000739d0000 - 0x0000000073b8c000 	C:\Program Files\MATLAB\R2011a\bin\win64\icuin42.dll
0x00000000740b0000 - 0x0000000074223000 	C:\Program Files\MATLAB\R2011a\bin\win64\icuuc42.dll
0x000007fefe740000 - 0x000007fefe81b000 	C:\Windows\system32\ADVAPI32.dll
0x000007fefe830000 - 0x000007fefe8cf000 	C:\Windows\system32\msvcrt.dll
0x000007fefe5a0000 - 0x000007fefe5bf000 	C:\Windows\SYSTEM32\sechost.dll
0x000007fefe3e0000 - 0x000007fefe50d000 	C:\Windows\system32\RPCRT4.dll
0x0000000010000000 - 0x0000000010f47000 	C:\Program Files\MATLAB\R2011a\bin\win64\icudt42.dll
0x0000000073f70000 - 0x000000007407d000 	C:\Program Files\MATLAB\R2011a\bin\win64\libmwfl.dll
0x00000000018c0000 - 0x0000000001953000 	C:\Program Files\MATLAB\R2011a\bin\win64\libmwMATLAB_res.dll
0x000000007a250000 - 0x000000007a263000 	C:\Program Files\MATLAB\R2011a\bin\win64\boost_signals-vc90-mt-1_40.dll
0x0000000001980000 - 0x00000000019c6000 	C:\Program Files\MATLAB\R2011a\bin\win64\tbb.dll
0x000007feffaf0000 - 0x000007feffb09000 	C:\Windows\system32\imagehlp.dll
0x0000000077c40000 - 0x0000000077c47000 	C:\Windows\system32\PSAPI.DLL
0x000000007a3d0000 - 0x000000007a3e3000 	C:\Program Files\MATLAB\R2011a\bin\win64\icuio42.dll
0x000007fef5f20000 - 0x000007fef6045000 	C:\Windows\system32\dbghelp.dll
0x0000000077980000 - 0x0000000077a7a000 	C:\Windows\system32\USER32.dll
0x000007feffd20000 - 0x000007feffd87000 	C:\Windows\system32\GDI32.dll
0x000007fefe820000 - 0x000007fefe82e000 	C:\Windows\system32\LPK.dll
0x000007feffc50000 - 0x000007feffd19000 	C:\Windows\system32\USP10.dll
0x000000007bed0000 - 0x000000007c0f5000 	C:\Program Files\MATLAB\R2011a\bin\win64\libmwservices.dll
0x0000000075a20000 - 0x0000000075ab2000 	C:\Program Files\MATLAB\R2011a\bin\win64\libmx.dll
0x000000007a210000 - 0x000000007a226000 	C:\Program Files\MATLAB\R2011a\bin\win64\zlib1.dll
0x0000000074330000 - 0x000000007444b000 	C:\Program Files\MATLAB\R2011a\bin\win64\libmwmathutil.dll
0x000000006b240000 - 0x000000006b294000 	C:\Program Files\MATLAB\R2011a\bin\win64\mpath.dll
0x000000007b680000 - 0x000000007b982000 	C:\Program Files\MATLAB\R2011a\bin\win64\mlutil.dll
0x000000006a800000 - 0x000000006a882000 	C:\Program Files\MATLAB\R2011a\bin\win64\xmlcore.dll
0x000000007bc30000 - 0x000000007be83000 	C:\Program Files\MATLAB\R2011a\bin\win64\xerces-c_2_7.dll
0x000007fefe330000 - 0x000007fefe37d000 	C:\Windows\system32\WS2_32.dll
0x000007fefe590000 - 0x000007fefe598000 	C:\Windows\system32\NSI.dll
0x000007fefed60000 - 0x000007feffae8000 	C:\Windows\system32\SHELL32.dll
0x000007fefe2b0000 - 0x000007fefe321000 	C:\Windows\system32\SHLWAPI.dll
0x000007fef9580000 - 0x000007fef9620000 	C:\Windows\WinSxS\amd64_microsoft.windows.common-controls_6595b64144ccf1df_5.82.7601.17514_none_a4d6a923711520a9\COMCTL32.dll
0x000007fefeae0000 - 0x000007fefeb77000 	C:\Windows\system32\COMDLG32.dll
0x000007fefbfe0000 - 0x000007fefbff6000 	C:\Windows\system32\NETAPI32.dll
0x000007fefbfd0000 - 0x000007fefbfdc000 	C:\Windows\system32\netutils.dll
0x000007fefdc40000 - 0x000007fefdc63000 	C:\Windows\system32\srvcli.dll
0x000007fefbfb0000 - 0x000007fefbfc5000 	C:\Windows\system32\wkscli.dll
0x000007fefe8d0000 - 0x000007fefead3000 	C:\Windows\system32\ole32.dll
0x000007fefe5c0000 - 0x000007fefe697000 	C:\Windows\system32\OLEAUT32.dll
0x0000000074970000 - 0x0000000074a34000 	C:\Program Files\MATLAB\R2011a\bin\win64\mcr.dll
0x0000000075000000 - 0x00000000750e4000 	C:\Program Files\MATLAB\R2011a\bin\win64\iqm.dll
0x000000005e080000 - 0x000000005e81c000 	C:\Program Files\MATLAB\R2011a\bin\win64\m_interpreter.dll
0x0000000001a90000 - 0x0000000001a9f000 	C:\Program Files\MATLAB\R2011a\bin\win64\libmex.dll
0x000000006a750000 - 0x000000006a7f4000 	C:\Program Files\MATLAB\R2011a\bin\win64\m_dispatcher.dll
0x0000000074880000 - 0x0000000074945000 	C:\Program Files\MATLAB\R2011a\bin\win64\boost_regex-vc90-mt-1_40.dll
0x0000000069f90000 - 0x000000006a00f000 	C:\Program Files\MATLAB\R2011a\bin\win64\profiler.dll
0x0000000079f40000 - 0x0000000079f6c000 	C:\Program Files\MATLAB\R2011a\bin\win64\libmwmathrng.dll
0x00000000709e0000 - 0x0000000070a00000 	C:\Program Files\MATLAB\R2011a\bin\win64\m_pcodeio.dll
0x0000000079b10000 - 0x0000000079b71000 	C:\Program Files\MATLAB\R2011a\bin\win64\m_ir.dll
0x000000005da40000 - 0x000000005e07b000 	C:\Program Files\MATLAB\R2011a\bin\win64\m_parser.dll
0x00000000704a0000 - 0x00000000704b9000 	C:\Program Files\MATLAB\R2011a\bin\win64\ir_xfmr.dll
0x0000000067ec0000 - 0x000000006810b000 	C:\Program Files\MATLAB\R2011a\bin\win64\mcos.dll
0x0000000001b40000 - 0x0000000001b4c000 	C:\Program Files\MATLAB\R2011a\bin\win64\mtok.dll
0x000000006f880000 - 0x000000006f8ab000 	C:\Program Files\MATLAB\R2011a\bin\win64\m_pcodegen.dll
0x0000000076160000 - 0x00000000761c2000 	C:\Program Files\MATLAB\R2011a\bin\win64\libmwspmatrix.dll
0x0000000079fb0000 - 0x0000000079fde000 	C:\Program Files\MATLAB\R2011a\bin\win64\libmwbridge.dll
0x0000000061810000 - 0x00000000618c9000 	C:\Program Files\MATLAB\R2011a\bin\win64\udd.dll
0x0000000060110000 - 0x0000000060251000 	C:\Program Files\MATLAB\R2011a\bin\win64\libmwgui.dll
0x000000006f8d0000 - 0x000000006f8e7000 	C:\Program Files\MATLAB\R2011a\bin\win64\graphics_util.dll
0x0000000058bc0000 - 0x0000000059440000 	C:\Program Files\MATLAB\R2011a\bin\win64\hg.dll
0x0000000076100000 - 0x000000007614f000 	C:\Program Files\MATLAB\R2011a\bin\win64\libmat.dll
0x0000000072d30000 - 0x0000000072f33000 	C:\Program Files\MATLAB\R2011a\bin\win64\libhdf5.dll
0x0000000067d80000 - 0x0000000067dfb000 	C:\Program Files\MATLAB\R2011a\bin\win64\jmi.dll
0x0000000001c00000 - 0x0000000001c0e000 	C:\Program Files\MATLAB\R2011a\bin\win64\nativejava_services.dll
0x0000000067c60000 - 0x0000000067c9c000 	C:\Program Files\MATLAB\R2011a\bin\win64\libmwhardcopy.dll
0x00000000617b0000 - 0x0000000061808000 	C:\Program Files\MATLAB\R2011a\bin\win64\libuij.dll
0x000000005ff20000 - 0x0000000060103000 	C:\Program Files\MATLAB\R2011a\bin\win64\hgdatatypes.dll
0x000000005fe60000 - 0x000000005ff1c000 	C:\Program Files\MATLAB\R2011a\bin\win64\hgutils.dll
0x0000000061730000 - 0x00000000617ac000 	C:\Program Files\MATLAB\R2011a\bin\win64\libmwlapack.dll
0x000000006c700000 - 0x000000006c712000 	C:\Program Files\MATLAB\R2011a\bin\win64\libmwbinder.dll
0x0000000071910000 - 0x000000007191b000 	C:\Program Files\MATLAB\R2011a\bin\win64\libmwompwrapper.dll
0x0000000001c90000 - 0x0000000001f54000 	C:\Program Files\MATLAB\R2011a\bin\win64\uiw.dll
0x0000000070480000 - 0x000000007048a000 	C:\Program Files\MATLAB\R2011a\bin\win64\uinone.dll
0x00000000586d0000 - 0x0000000058bb4000 	C:\Windows\WinSxS\amd64_microsoft.vc90.mfc_1fc8b3b9a1e18e3b_9.0.30729.6161_none_044aad0bab1eb146\mfc90.dll
0x000007fefbca0000 - 0x000007fefbca7000 	C:\Windows\system32\MSIMG32.dll
0x000007fef94f0000 - 0x000007fef9561000 	C:\Windows\system32\WINSPOOL.DRV
0x000000005fdb0000 - 0x000000005fe59000 	C:\Program Files\MATLAB\R2011a\bin\win64\udd_mi.dll
0x000000006c580000 - 0x000000006c59b000 	C:\Program Files\MATLAB\R2011a\bin\win64\mwoles05.DLL
0x000000005fd40000 - 0x000000005fdae000 	C:\Program Files\MATLAB\R2011a\bin\win64\comcli.dll
0x000000006a720000 - 0x000000006a74f000 	C:\Windows\WinSxS\amd64_microsoft.vc90.atl_1fc8b3b9a1e18e3b_9.0.30729.6161_none_0a1fd3a3a768b895\ATL90.DLL
0x000000006f9c0000 - 0x000000006f9cc000 	C:\Program Files\MATLAB\R2011a\bin\win64\mlautoregister.dll
0x0000000001fc0000 - 0x0000000001fcd000 	C:\Program Files\MATLAB\R2011a\bin\win64\boost_iostreams-vc90-mt-1_40.dll
0x000007feffc20000 - 0x000007feffc4e000 	C:\Windows\system32\IMM32.DLL
0x000007feffb10000 - 0x000007feffc19000 	C:\Windows\system32\MSCTF.dll
0x000007fefc700000 - 0x000007fefc756000 	C:\Windows\system32\UxTheme.dll
0x000007fefc2d0000 - 0x000007fefc2e8000 	C:\Windows\system32\dwmapi.dll
0x0000000071900000 - 0x000000007190f000 	C:\Windows\WinSxS\amd64_microsoft.vc90.mfcloc_1fc8b3b9a1e18e3b_9.0.30729.6161_none_01c9581e60cbee58\MFC90ESN.DLL
0x00000000022e0000 - 0x0000000002309000 	C:\Program Files\MATLAB\R2011a\bin\win64\tbbmalloc.dll
0x000007fefdee0000 - 0x000007fefdeef000 	C:\Windows\system32\profapi.dll
0x000007fefb090000 - 0x000007fefb0b7000 	C:\Windows\system32\iphlpapi.dll
0x000007fefb080000 - 0x000007fefb08b000 	C:\Windows\system32\WINNSI.DLL
0x000007fefd590000 - 0x000007fefd5eb000 	C:\Windows\system32\DNSAPI.dll
0x000007fefaba0000 - 0x000007fefabb8000 	C:\Windows\system32\dhcpcsvc.DLL
0x000007fefab80000 - 0x000007fefab91000 	C:\Windows\system32\dhcpcsvc6.DLL
0x000000006f870000 - 0x000000006f873000 	C:\Windows\system32\icmp.Dll
0x000007fefddd0000 - 0x000007fefdddf000 	C:\Windows\system32\CRYPTBASE.dll
0x000007fefe1a0000 - 0x000007fefe1d6000 	C:\Windows\system32\CFGMGR32.dll
0x0000000078870000 - 0x0000000078ecd000 	C:\Program Files\MATLAB\R2011a\sys\java\jre\win64\jre\bin\server\jvm.dll
0x000007fefb9a0000 - 0x000007fefb9db000 	C:\Windows\system32\WINMM.dll
0x000000007a440000 - 0x000000007a44e000 	C:\Program Files\MATLAB\R2011a\sys\java\jre\win64\jre\bin\verify.dll
0x000000007a070000 - 0x000000007a097000 	C:\Program Files\MATLAB\R2011a\sys\java\jre\win64\jre\bin\java.dll
0x000000007a540000 - 0x000000007a54a000 	C:\Program Files\MATLAB\R2011a\sys\java\jre\win64\jre\bin\hpi.dll
0x000000007a370000 - 0x000000007a382000 	C:\Program Files\MATLAB\R2011a\sys\java\jre\win64\jre\bin\zip.dll
0x0000000075b90000 - 0x0000000075bfb000 	C:\Program Files\MATLAB\R2011a\sys\java\jre\win64\jre\bin\fontmanager.dll
0x0000000073150000 - 0x0000000073311000 	C:\Program Files\MATLAB\R2011a\sys\java\jre\win64\jre\bin\awt.dll
0x0000000079cf0000 - 0x0000000079d36000 	C:\Program Files\MATLAB\R2011a\bin\win64\nativejmi.dll
0x000000007a600000 - 0x000000007a608000 	C:\Program Files\MATLAB\R2011a\bin\win64\nativeservices.dll
0x000000007a0d0000 - 0x000000007a0e8000 	C:\Program Files\MATLAB\R2011a\bin\win64\nativejava.dll
0x000007fef9350000 - 0x000007fef9368000 	C:\Windows\system32\MPR.dll
0x000000007a230000 - 0x000000007a247000 	C:\Program Files\MATLAB\R2011a\sys\java\jre\win64\jre\bin\net.dll
0x000007fefd710000 - 0x000007fefd765000 	C:\Windows\system32\mswsock.dll
0x000007fefd700000 - 0x000007fefd707000 	C:\Windows\System32\wship6.dll
0x000000007a500000 - 0x000000007a50b000 	C:\Program Files\MATLAB\R2011a\sys\java\jre\win64\jre\bin\nio.dll

VM Arguments:
jvm_args: -Xss512k -XX:PermSize=32m -Xms64m -XX:NewRatio=3 -XX:MaxPermSize=128m -Xmx196m -XX:MaxDirectMemorySize=2147400000 -Dsun.java2d.noddraw=true -Dsun.awt.nopixfmt=true -Xshare:off -Xrs -Dsun.awt.disableMixing=true -Djava.library.path=C:\Program Files\MATLAB\R2011a\bin\win64 vfprintf abort 
java_command: <unknown>
Launcher Type: generic

Environment Variables:
JAVA_HOME=C:\Program Files\Java\jdk1.7.0_09
PATH=C:\Python33\;C:\Program Files (x86)\AMD APP\bin\x86_64;C:\Program Files (x86)\AMD APP\bin\x86;C:\Program Files (x86)\NVIDIA Corporation\PhysX\Common;C:\Program Files (x86)\HP SimplePass 2011\;C:\Program Files\Common Files\Microsoft Shared\Windows Live;C:\Program Files (x86)\Common Files\Microsoft Shared\Windows Live;C:\Windows\system32;C:\Windows;C:\Windows\System32\Wbem;C:\Windows\System32\WindowsPowerShell\v1.0\;C:\Program Files (x86)\Windows Live\Shared;C:\Program Files (x86)\ATI Technologies\ATI.ACE\Core-Static;C:\Program Files\Broadcom\Broadcom 802.11\Driver;c:\Program Files (x86)\Microsoft SQL Server\100\Tools\Binn\;c:\Program Files\Microsoft SQL Server\100\Tools\Binn\;c:\Program Files\Microsoft SQL Server\100\DTS\Binn\;C:\Program Files (x86)\Calibre2\;C:\Program Files\MATLAB\R2011a\runtime\win64;C:\Program Files\MATLAB\R2011a\bin;C:\Program Files (x86)\MATLAB\R2011a\runtime\win32;C:\Program Files (x86)\MATLAB\R2011a\bin;C:\MinGW\bin;C:\Program Files (x86)\Git\cmd;C:\Program Files\doxygen\bin;C:\Program Files (x86)\Graphviz2.30\bin;C:\Program Files (x86)\MiKTeX 2.9\miktex\bin\
USERNAME=Gabry
OS=Windows_NT
PROCESSOR_IDENTIFIER=Intel64 Family 6 Model 42 Stepping 7, GenuineIntel



---------------  S Y S T E M  ---------------

OS: Windows 7 Build 7601 Service Pack 1

CPU:total 8 (8 cores per cpu, 2 threads per core) family 6 model 42 stepping 7, cmov, cx8, fxsr, mmx, sse, sse2, sse3, ssse3, sse4.1, sse4.2, ht

Memory: 4k page, physical 4140912k(1459844k free), swap 8279964k(2799612k free)

vm_info: Java HotSpot(TM) 64-Bit Server VM (14.3-b01) for windows-amd64 JRE (1.6.0_17-b04), built on Oct 11 2009 00:46:08 by "java_re" with MS VC++ 8.0

time: Wed Aug 21 16:16:47 2013
elapsed time: 1414 seconds

